<?xml version="1.0" encoding="UTF-8"?>
<!-- Generated by org.testng.reporters.JUnitReportReporter -->
<testsuite hostname="SuchiPc" failures="0" tests="1" name="com.section3.DemoTestNG_PartialComparision_SoftAssert" time="0.025" errors="0" timestamp="2022-11-14T21:49:33 IST" skipped="0">
  <testcase classname="com.section3.DemoTestNG_PartialComparision_SoftAssert" name="checkAssert" time="0.025"/>
  <system-out/>
</testsuite> <!-- com.section3.DemoTestNG_PartialComparision_SoftAssert -->
