<?xml version="1.0" encoding="UTF-8"?>
<!-- Generated by org.testng.reporters.JUnitReportReporter -->
<testsuite hostname="SuchiPc" failures="0" tests="1" name="com.section3.DemoTestNG_PartialComparision_HardAssert" time="0.019" errors="0" timestamp="2022-11-14T21:33:02 IST" skipped="0">
  <testcase classname="com.section3.DemoTestNG_PartialComparision_HardAssert" name="checkAssert" time="0.019"/>
  <system-out/>
</testsuite> <!-- com.section3.DemoTestNG_PartialComparision_HardAssert -->
