<?xml version="1.0" encoding="UTF-8"?>
<!-- Generated by org.testng.reporters.JUnitReportReporter -->
<testsuite hostname="SuchiPc" failures="0" tests="3" name="com.section3.DemoTestNG_Priority2" time="0.018" errors="0" timestamp="2022-11-10T11:28:51 IST" skipped="0">
  <testcase classname="com.section3.DemoTestNG_Priority2" name="createUser" time="0.014"/>
  <system-out/>
  <testcase classname="com.section3.DemoTestNG_Priority2" name="modifyUser" time="0.002"/>
  <system-out/>
  <testcase classname="com.section3.DemoTestNG_Priority2" name="deleteUser" time="0.002"/>
  <system-out/>
</testsuite> <!-- com.section3.DemoTestNG_Priority2 -->
