<?xml version="1.0" encoding="UTF-8"?>
<!-- Generated by org.testng.reporters.JUnitReportReporter -->
<testsuite hostname="SuchiPc" failures="0" tests="2" name="com.section3.DemoTestNG_DependsOnMethods" time="0.019" errors="0" timestamp="2022-11-10T11:49:07 IST" skipped="0">
  <testcase classname="com.section3.DemoTestNG_DependsOnMethods" name="signUp" time="0.017"/>
  <system-out/>
  <testcase classname="com.section3.DemoTestNG_DependsOnMethods" name="signIn" time="0.002"/>
  <system-out/>
</testsuite> <!-- com.section3.DemoTestNG_DependsOnMethods -->
