<?xml version="1.0" encoding="UTF-8"?>
<!-- Generated by org.testng.reporters.JUnitReportReporter -->
<testsuite hostname="SuchiPc" failures="0" tests="2" name="automation.testScript.AlertPopup" time="36.388" errors="0" timestamp="2022-11-17T19:09:02 IST" skipped="0">
  <testcase classname="automation.testScript.AlertPopup" name="alertPopup" time="19.081"/>
  <system-out/>
  <testcase classname="automation.testScript.AlertPopup" name="alertPopup" time="17.307"/>
  <system-out/>
</testsuite> <!-- automation.testScript.AlertPopup -->
