<?xml version="1.0" encoding="UTF-8"?>
<!-- Generated by org.testng.reporters.JUnitReportReporter -->
<testsuite hostname="SuchiPc" failures="0" tests="2" name="com.section3.DemoTestNG" time="0.016" errors="0" timestamp="2022-11-10T10:48:37 IST" skipped="0">
  <testcase classname="com.section3.DemoTestNG" name="deleteUser" time="0.002"/>
  <system-out/>
  <testcase classname="com.section3.DemoTestNG" name="createUser" time="0.014"/>
  <system-out/>
</testsuite> <!-- com.section3.DemoTestNG -->
