<?xml version="1.0" encoding="UTF-8"?>
<!-- Generated by org.testng.reporters.JUnitReportReporter -->
<testsuite hostname="SuchiPc" failures="0" tests="5" name="com.section3.DemoDataProvider" time="41.645" errors="0" timestamp="2022-11-18T01:05:52 IST" skipped="0">
  <testcase classname="com.section3.DemoDataProvider" name="loginApp" time="11.077"/>
  <system-out/>
  <testcase classname="com.section3.DemoDataProvider" name="loginApp" time="7.241"/>
  <system-out/>
  <testcase classname="com.section3.DemoDataProvider" name="loginApp" time="8.154"/>
  <system-out/>
  <testcase classname="com.section3.DemoDataProvider" name="loginApp" time="7.492"/>
  <system-out/>
  <testcase classname="com.section3.DemoDataProvider" name="loginApp" time="7.681"/>
  <system-out/>
</testsuite> <!-- com.section3.DemoDataProvider -->
