<?xml version="1.0" encoding="UTF-8"?>
<!-- Generated by org.testng.reporters.JUnitReportReporter -->
<testsuite hostname="SuchiPc" failures="0" tests="2" name="com.section3.HierarchyOfAnnotations" time="0.010" errors="0" timestamp="2022-11-11T11:14:39 IST" skipped="0">
  <testcase classname="com.section3.HierarchyOfAnnotations" name="modifyCustomer" time="0.003"/>
  <system-out/>
  <testcase classname="com.section3.HierarchyOfAnnotations" name="customerCreation" time="0.007"/>
  <system-out/>
</testsuite> <!-- com.section3.HierarchyOfAnnotations -->
