<?xml version="1.0" encoding="UTF-8"?>
<!-- Generated by org.testng.reporters.JUnitReportReporter -->
<testsuite hostname="SuchiPc" failures="0" tests="1" name="automation.testScript.CustomerCreation" time="20.718" errors="0" timestamp="2022-11-18T11:46:39 IST" skipped="0">
  <testcase classname="automation.testScript.CustomerCreation" name="createCustomer" time="20.718"/>
  <system-out/>
</testsuite> <!-- automation.testScript.CustomerCreation -->
