<?xml version="1.0" encoding="UTF-8"?>
<!-- Generated by org.testng.reporters.JUnitReportReporter -->
<testsuite hostname="SuchiPc" failures="0" tests="2" name="automation.testScript.HiddenDivision" time="45.502" errors="0" timestamp="2022-11-17T19:09:02 IST" skipped="0">
  <testcase classname="automation.testScript.HiddenDivision" name="hiddenDivision" time="22.080"/>
  <system-out/>
  <testcase classname="automation.testScript.HiddenDivision" name="hiddenDivision" time="23.422"/>
  <system-out/>
</testsuite> <!-- automation.testScript.HiddenDivision -->
