<?xml version="1.0" encoding="UTF-8"?>
<!-- Generated by org.testng.reporters.JUnitReportReporter -->
<testsuite hostname="SuchiPc" failures="0" tests="2" name="automation.testScript.DropDown_ActiProduct" time="35.451" errors="0" timestamp="2022-11-17T19:09:02 IST" skipped="0">
  <testcase classname="automation.testScript.DropDown_ActiProduct" name="selectDropDown" time="17.248"/>
  <system-out/>
  <testcase classname="automation.testScript.DropDown_ActiProduct" name="selectDropDown" time="18.203"/>
  <system-out/>
</testsuite> <!-- automation.testScript.DropDown_ActiProduct -->
