<?xml version="1.0" encoding="UTF-8"?>
<!-- Generated by org.testng.reporters.JUnitReportReporter -->
<testsuite hostname="SuchiPc" failures="0" tests="1" name="com.section3.Acti_ErrorValidation_Assertion" time="24.582" errors="0" timestamp="2022-11-15T20:21:05 IST" skipped="0">
  <testcase classname="com.section3.Acti_ErrorValidation_Assertion" name="CheckErrorMsg" time="24.582"/>
  <system-out/>
</testsuite> <!-- com.section3.Acti_ErrorValidation_Assertion -->
