<?xml version="1.0" encoding="UTF-8"?>
<!-- Generated by org.testng.reporters.JUnitReportReporter -->
<testsuite hostname="SuchiPc" failures="0" tests="2" name="com.section3.DemoTestNG_Enabled1" time="0.017" errors="0" timestamp="2022-11-10T11:32:20 IST" skipped="1">
  <testcase classname="com.section3.DemoTestNG_Enabled1" name="createUser" time="0.017"/>
  <system-out/>
  <testcase classname="com.section3.DemoTestNG_Enabled1" name="modifyUser">
    <skipped/>
  </testcase> <!-- modifyUser -->
  <system-out/>
</testsuite> <!-- com.section3.DemoTestNG_Enabled1 -->
