<?xml version="1.0" encoding="UTF-8"?>
<!-- Generated by org.testng.reporters.JUnitReportReporter -->
<testsuite hostname="SuchiPc" failures="0" tests="2" name="com.section3.DemoTestNG_Reporterlog" time="0.009" errors="0" timestamp="2022-11-14T21:29:25 IST" skipped="0">
  <testcase classname="com.section3.DemoTestNG_Reporterlog" name="modifyCustomer" time="0.001"/>
  <system-out>
    <![CDATA[customer modified successfully]]>
  </system-out>
  <testcase classname="com.section3.DemoTestNG_Reporterlog" name="customerCreated" time="0.008"/>
  <system-out>
    <![CDATA[customer created successfully]]>
  </system-out>
</testsuite> <!-- com.section3.DemoTestNG_Reporterlog -->
