<?xml version="1.0" encoding="UTF-8"?>
<!-- Generated by org.testng.reporters.JUnitReportReporter -->
<testsuite hostname="SuchiPc" failures="0" tests="5" name="com.section3.DemoTestNG_InvocationCount" time="0.022" errors="0" timestamp="2022-11-10T11:38:45 IST" skipped="0">
  <testcase classname="com.section3.DemoTestNG_InvocationCount" name="createUser" time="0.002"/>
  <system-out/>
  <testcase classname="com.section3.DemoTestNG_InvocationCount" name="createUser" time="0.014"/>
  <system-out/>
  <testcase classname="com.section3.DemoTestNG_InvocationCount" name="createUser" time="0.002"/>
  <system-out/>
  <testcase classname="com.section3.DemoTestNG_InvocationCount" name="createUser" time="0.003"/>
  <system-out/>
  <testcase classname="com.section3.DemoTestNG_InvocationCount" name="createUser" time="0.001"/>
  <system-out/>
</testsuite> <!-- com.section3.DemoTestNG_InvocationCount -->
