<?xml version="1.0" encoding="UTF-8"?>
<!-- Generated by org.testng.reporters.JUnitReportReporter -->
<testsuite hostname="SuchiPc" failures="0" tests="3" name="com.section3.DemoTestNG_Prority" time="0.017" errors="0" timestamp="2022-11-10T11:21:59 IST" skipped="0">
  <testcase classname="com.section3.DemoTestNG_Prority" name="createUser" time="0.013"/>
  <system-out/>
  <testcase classname="com.section3.DemoTestNG_Prority" name="modifyUser" time="0.002"/>
  <system-out/>
  <testcase classname="com.section3.DemoTestNG_Prority" name="deleteUser" time="0.002"/>
  <system-out/>
</testsuite> <!-- com.section3.DemoTestNG_Prority -->
