<?xml version="1.0" encoding="UTF-8"?>
<!-- Generated by org.testng.reporters.JUnitReportReporter -->
<testsuite hostname="SuchiPc" failures="0" tests="3" name="com.section3.DemoTestNG_2" time="0.011" errors="0" timestamp="2022-11-10T11:04:16 IST" skipped="0">
  <testcase classname="com.section3.DemoTestNG_2" name="deleteUser" time="0.001"/>
  <system-out/>
  <testcase classname="com.section3.DemoTestNG_2" name="modifyUser" time="0.001"/>
  <system-out/>
  <testcase classname="com.section3.DemoTestNG_2" name="createUser" time="0.009"/>
  <system-out/>
</testsuite> <!-- com.section3.DemoTestNG_2 -->
